Downloading https://services.gradle.org/distributions/gradle-9.0.0-bin.zip
............10%.............20%.............30%.............40%.............50%............60%.............70%.............80%.............90%.............100%

Welcome to Gradle 9.0.0!

Here are the highlights of this release:
 - Configuration Cache is the recommended execution mode
 - Gradle requires JVM 17 or higher to run
 - Build scripts use Kotlin 2.2 and Groovy 4.0
 - Improved Kotlin DSL script compilation avoidance

For more details see https://docs.gradle.org/9.0.0/release-notes.html

Starting a Gradle Daemon (subsequent builds will be faster)
Calculating task graph as no cached configuration is available for tasks: build
> Task :batch-rest-repository:processResources
> Task :batch-skip-step:processResources
> Task :cloud-jdbc-env-repo:processResources
> Task :batch-skip-step:compileJava
> Task :batch-skip-step:classes
> Task :batch-skip-step:jar
> Task :data-domain-events:processResources
> Task :data-envers-audit:compileJava
> Task :data-envers-audit:processResources
> Task :data-envers-audit:classes
> Task :data-envers-audit:jar
> Task :data-jdbc-audit:compileJava
> Task :data-jdbc-audit:processResources
> Task :data-jdbc-audit:classes
> Task :data-jdbc-audit:jar
> Task :batch-rest-repository:compileJava
> Task :batch-rest-repository:classes
> Task :batch-rest-repository:jar
> Task :data-jdbc-schema-generation:processResources
> Task :data-jpa-audit:compileJava
> Task :data-jpa-audit:processResources
> Task :data-jpa-audit:classes
> Task :data-jpa-audit:jar
> Task :data-jpa-event:compileJava
> Task :data-jpa-event:processResources
> Task :data-jpa-event:classes
> Task :data-jpa-event:jar

> Task :data-jpa-filtered-query:compileJava
/app/data-jpa-filtered-query/src/main/java/zin/rashidi/boot/data/jpa/jpa/JpaCustomBaseRepository.java:27: warning: [removal] <T>where(Specification<T>) in Specification has been deprecated and marked for removal
        return hasStatusField ? findAll(where((root, query, criteriaBuilder) -> root.get("status").in(ACTIVE))) : super.findAll();
                                        ^
  where T is a type-variable:
    T extends Object declared in method <T>where(Specification<T>)
1 warning

> Task :data-domain-events:compileJava
> Task :data-domain-events:classes
> Task :data-jpa-filtered-query:processResources
> Task :data-jpa-filtered-query:classes
> Task :data-domain-events:jar
> Task :data-jpa-filtered-query:jar
> Task :data-jdbc-schema-generation:compileJava
> Task :data-jdbc-schema-generation:classes
> Task :data-jpa-hibernate-cache:processResources
> Task :data-jdbc-schema-generation:jar
> Task :data-mongodb-audit:processResources
> Task :cloud-jdbc-env-repo:compileJava
> Task :data-mongodb-audit:compileJava
> Task :data-mongodb-audit:classes
> Task :cloud-jdbc-env-repo:classes
> Task :data-mongodb-audit:jar
> Task :cloud-jdbc-env-repo:jar
> Task :data-mongodb-full-text-search:processResources

> Task :data-mongodb-full-text-search:compileJava
/app/data-mongodb-full-text-search/src/main/java/zin/rashidi/boot/data/mongodb/character/CharacterSearchRepositoryImpl.java:25: warning: [removal] ensureIndex(IndexDefinition) in IndexOperations has been deprecated and marked for removal
                .ensureIndex(new TextIndexDefinitionBuilder().onFields("name", "publisher").build());
                ^
1 warning

> Task :data-mongodb-full-text-search:classes
> Task :data-mongodb-tc-data-load:processResources
> Task :data-mongodb-full-text-search:jar
> Task :data-mongodb-transactional:processResources
> Task :data-mongodb-tc-data-load:compileJava
> Task :data-mongodb-tc-data-load:classes
> Task :data-mongodb-tc-data-load:jar
> Task :data-redis-cache:processResources
> Task :data-mongodb-transactional:compileJava
> Task :data-mongodb-transactional:classes
> Task :data-mongodb-transactional:jar
> Task :data-repository-definition:processResources
> Task :data-repository-definition:compileJava
> Task :data-repository-definition:classes
> Task :data-repository-definition:jar
> Task :data-rest-composite-id:processResources
> Task :data-jpa-hibernate-cache:compileJava
> Task :data-jpa-hibernate-cache:classes
> Task :data-jpa-hibernate-cache:jar
> Task :data-rest-validation:processResources
> Task :data-rest-composite-id:compileJava
> Task :data-rest-composite-id:classes
> Task :data-rest-composite-id:jar
> Task :graphql:processResources
> Task :data-rest-validation:compileJava
> Task :data-rest-validation:classes
> Task :data-rest-validation:jar
> Task :jooq:processResources
> Task :data-redis-cache:compileJava
> Task :data-redis-cache:classes
> Task :data-redis-cache:jar
> Task :modulith:processResources
> Task :graphql:compileJava
> Task :graphql:classes
> Task :graphql:jar
> Task :test-execution-listeners:processResources

> Task :jooq:generateJooq
09:42:32 WARNING org.xml.sax.SAXParseException; lineNumber: 1; columnNumber: 1239; cvc-complex-type.2.4.a: Invalid content was found starting with element '{"http://www.jooq.org/xsd/jooq-codegen-3.19.8.xsd":includeSynonyms}'. One of '{"http://www.jooq.org/xsd/jooq-codegen-3.19.8.xsd":java, "http://www.jooq.org/xsd/jooq-codegen-3.19.8.xsd":properties, "http://www.jooq.org/xsd/jooq-codegen-3.19.8.xsd":regexFlags, "http://www.jooq.org/xsd/jooq-codegen-3.19.8.xsd":includes, "http://www.jooq.org/xsd/jooq-codegen-3.19.8.xsd":includeSql, "http://www.jooq.org/xsd/jooq-codegen-3.19.8.xsd":excludes, "http://www.jooq.org/xsd/jooq-codegen-3.19.8.xsd":excludeSql, "http://www.jooq.org/xsd/jooq-codegen-3.19.8.xsd":includeSequences, "http://www.jooq.org/xsd/jooq-codegen-3.19.8.xsd":includeIndexes, "http://www.jooq.org/xsd/jooq-codegen-3.19.8.xsd":includePrimaryKeys, "http://www.jooq.org/xsd/jooq-codegen-3.19.8.xsd":includeUniqueKeys, "http://www.jooq.org/xsd/jooq-codegen-3.19.8.xsd":includeForeignKeys, "http://www.jooq.org/xsd/jooq-codegen-3.19.8.xsd":includeCheckConstraints, "http://www.jooq.org/xsd/jooq-codegen-3.19.8.xsd":includeSystemTables, "http://www.jooq.org/xsd/jooq-codegen-3.19.8.xsd":includeSystemIndexes, "http://www.jooq.org/xsd/jooq-codegen-3.19.8.xsd":includeSystemCheckConstraints, "http://www.jooq.org/xsd/jooq-codegen-3.19.8.xsd":includeSystemSequences, "http://www.jooq.org/xsd/jooq-codegen-3.19.8.xsd":includeSystemUDTs, "http://www.jooq.org/xsd/jooq-codegen-3.19.8.xsd":includeInvisibleColumns, "http://www.jooq.org/xsd/jooq-codegen-3.19.8.xsd":recordVersionFields, "http://www.jooq.org/xsd/jooq-codegen-3.19.8.xsd":recordTimestampFields, "http://www.jooq.org/xsd/jooq-codegen-3.19.8.xsd":comments, "http://www.jooq.org/xsd/jooq-codegen-3.19.8.xsd":syntheticObjects, "http://www.jooq.org/xsd/jooq-codegen-3.19.8.xsd":syntheticIdentities, "http://www.jooq.org/xsd/jooq-codegen-3.19.8.xsd":syntheticPrimaryKeys, "http://www.jooq.org/xsd/jooq-codegen-3.19.8.xsd":overridePrimaryKeys, "http://www.jooq.org/xsd/jooq-codegen-3.19.8.xsd":dateAsTimestamp, "http://www.jooq.org/xsd/jooq-codegen-3.19.8.xsd":ignoreProcedureReturnValues, "http://www.jooq.org/xsd/jooq-codegen-3.19.8.xsd":unsignedTypes, "http://www.jooq.org/xsd/jooq-codegen-3.19.8.xsd":integerDisplayWidths, "http://www.jooq.org/xsd/jooq-codegen-3.19.8.xsd":inputCatalog, "http://www.jooq.org/xsd/jooq-codegen-3.19.8.xsd":outputCatalog, "http://www.jooq.org/xsd/jooq-codegen-3.19.8.xsd":outputCatalogToDefault, "http://www.jooq.org/xsd/jooq-codegen-3.19.8.xsd":inputSchema, "http://www.jooq.org/xsd/jooq-codegen-3.19.8.xsd":outputSchema, "http://www.jooq.org/xsd/jooq-codegen-3.19.8.xsd":outputSchemaToDefault, "http://www.jooq.org/xsd/jooq-codegen-3.19.8.xsd":catalogs, "http://www.jooq.org/xsd/jooq-codegen-3.19.8.xsd":schemata, "http://www.jooq.org/xsd/jooq-codegen-3.19.8.xsd":schemaVersionProvider, "http://www.jooq.org/xsd/jooq-codegen-3.19.8.xsd":catalogVersionProvider, "http://www.jooq.org/xsd/jooq-codegen-3.19.8.xsd":orderProvider, "http://www.jooq.org/xsd/jooq-codegen-3.19.8.xsd":embeddables, "http://www.jooq.org/xsd/jooq-codegen-3.19.8.xsd":embeddablePrimaryKeys, "http://www.jooq.org/xsd/jooq-codegen-3.19.8.xsd":embeddableUniqueKeys, "http://www.jooq.org/xsd/jooq-codegen-3.19.8.xsd":embeddableDomains, "http://www.jooq.org/xsd/jooq-codegen-3.19.8.xsd":readonlyIdentities, "http://www.jooq.org/xsd/jooq-codegen-3.19.8.xsd":readonlyComputedColumns, "http://www.jooq.org/xsd/jooq-codegen-3.19.8.xsd":readonlyNonUpdatableColumns, "http://www.jooq.org/xsd/jooq-codegen-3.19.8.xsd":customTypes, "http://www.jooq.org/xsd/jooq-codegen-3.19.8.xsd":enumTypes, "http://www.jooq.org/xsd/jooq-codegen-3.19.8.xsd":forcedTypes, "http://www.jooq.org/xsd/jooq-codegen-3.19.8.xsd":forcedTypesForBuiltinDataTypeExtensions, "http://www.jooq.org/xsd/jooq-codegen-3.19.8.xsd":forcedTypesForXMLSchemaCollections, "http://www.jooq.org/xsd/jooq-codegen-3.19.8.xsd":forceIntegerTypesOnZeroScaleDecimals, "http://www.jooq.org/xsd/jooq-codegen-3.19.8.xsd":tableValuedFunctions, "http://www.jooq.org/xsd/jooq-codegen-3.19.8.xsd":oracleUseDBAViews, "http://www.jooq.org/xsd/jooq-codegen-3.19.8.xsd":logSlowQueriesAfterSeconds, "http://www.jooq.org/xsd/jooq-codegen-3.19.8.xsd":logSlowResultsAfterSeconds}' is expected.
09:42:32 WARNING org.xml.sax.SAXParseException; lineNumber: 1; columnNumber: 3552; cvc-complex-type.2.4.a: Invalid content was found starting with element '{"http://www.jooq.org/xsd/jooq-codegen-3.19.8.xsd":implicitJoinPathsManyToMany}'. One of '{"http://www.jooq.org/xsd/jooq-codegen-3.19.8.xsd":implicitJoinPathTableSubtypes, "http://www.jooq.org/xsd/jooq-codegen-3.19.8.xsd":implicitJoinPathUnusedConstructors, "http://www.jooq.org/xsd/jooq-codegen-3.19.8.xsd":implicitJoinPathsUseTableNameForUnambiguousFKs, "http://www.jooq.org/xsd/jooq-codegen-3.19.8.xsd":implicitJoinPathsAsKotlinProperties, "http://www.jooq.org/xsd/jooq-codegen-3.19.8.xsd":deprecated, "http://www.jooq.org/xsd/jooq-codegen-3.19.8.xsd":deprecationOnUnknownTypes, "http://www.jooq.org/xsd/jooq-codegen-3.19.8.xsd":instanceFields, "http://www.jooq.org/xsd/jooq-codegen-3.19.8.xsd":visibilityModifier, "http://www.jooq.org/xsd/jooq-codegen-3.19.8.xsd":generatedAnnotation, "http://www.jooq.org/xsd/jooq-codegen-3.19.8.xsd":generatedAnnotationType, "http://www.jooq.org/xsd/jooq-codegen-3.19.8.xsd":generatedAnnotationDate, "http://www.jooq.org/xsd/jooq-codegen-3.19.8.xsd":generatedAnnotationJooqVersion, "http://www.jooq.org/xsd/jooq-codegen-3.19.8.xsd":nonnullAnnotation, "http://www.jooq.org/xsd/jooq-codegen-3.19.8.xsd":nonnullAnnotationType, "http://www.jooq.org/xsd/jooq-codegen-3.19.8.xsd":nullableAnnotation, "http://www.jooq.org/xsd/jooq-codegen-3.19.8.xsd":nullableAnnotationType, "http://www.jooq.org/xsd/jooq-codegen-3.19.8.xsd":constructorPropertiesAnnotation, "http://www.jooq.org/xsd/jooq-codegen-3.19.8.xsd":constructorPropertiesAnnotationOnPojos, "http://www.jooq.org/xsd/jooq-codegen-3.19.8.xsd":constructorPropertiesAnnotationOnRecords, "http://www.jooq.org/xsd/jooq-codegen-3.19.8.xsd":routines, "http://www.jooq.org/xsd/jooq-codegen-3.19.8.xsd":sequences, "http://www.jooq.org/xsd/jooq-codegen-3.19.8.xsd":triggers, "http://www.jooq.org/xsd/jooq-codegen-3.19.8.xsd":udts, "http://www.jooq.org/xsd/jooq-codegen-3.19.8.xsd":queues, "http://www.jooq.org/xsd/jooq-codegen-3.19.8.xsd":links, "http://www.jooq.org/xsd/jooq-codegen-3.19.8.xsd":keys, "http://www.jooq.org/xsd/jooq-codegen-3.19.8.xsd":tables, "http://www.jooq.org/xsd/jooq-codegen-3.19.8.xsd":embeddables, "http://www.jooq.org/xsd/jooq-codegen-3.19.8.xsd":records, "http://www.jooq.org/xsd/jooq-codegen-3.19.8.xsd":recordsImplementingRecordN, "http://www.jooq.org/xsd/jooq-codegen-3.19.8.xsd":enumsAsScalaSealedTraits, "http://www.jooq.org/xsd/jooq-codegen-3.19.8.xsd":pojos, "http://www.jooq.org/xsd/jooq-codegen-3.19.8.xsd":pojosEqualsAndHashCode, "http://www.jooq.org/xsd/jooq-codegen-3.19.8.xsd":pojosToString, "http://www.jooq.org/xsd/jooq-codegen-3.19.8.xsd":pojosAsJavaRecordClasses, "http://www.jooq.org/xsd/jooq-codegen-3.19.8.xsd":pojosAsScalaCaseClasses, "http://www.jooq.org/xsd/jooq-codegen-3.19.8.xsd":pojosAsKotlinDataClasses, "http://www.jooq.org/xsd/jooq-codegen-3.19.8.xsd":immutablePojos, "http://www.jooq.org/xsd/jooq-codegen-3.19.8.xsd":serializablePojos, "http://www.jooq.org/xsd/jooq-codegen-3.19.8.xsd":interfaces, "http://www.jooq.org/xsd/jooq-codegen-3.19.8.xsd":immutableInterfaces, "http://www.jooq.org/xsd/jooq-codegen-3.19.8.xsd":serializableInterfaces, "http://www.jooq.org/xsd/jooq-codegen-3.19.8.xsd":daos, "http://www.jooq.org/xsd/jooq-codegen-3.19.8.xsd":jooqVersionReference, "http://www.jooq.org/xsd/jooq-codegen-3.19.8.xsd":jpaAnnotations, "http://www.jooq.org/xsd/jooq-codegen-3.19.8.xsd":jpaVersion, "http://www.jooq.org/xsd/jooq-codegen-3.19.8.xsd":validationAnnotations, "http://www.jooq.org/xsd/jooq-codegen-3.19.8.xsd":springAnnotations, "http://www.jooq.org/xsd/jooq-codegen-3.19.8.xsd":springDao, "http://www.jooq.org/xsd/jooq-codegen-3.19.8.xsd":kotlinSetterJvmNameAnnotationsOnIsPrefix, "http://www.jooq.org/xsd/jooq-codegen-3.19.8.xsd":kotlinNotNullPojoAttributes, "http://www.jooq.org/xsd/jooq-codegen-3.19.8.xsd":kotlinNotNullRecordAttributes, "http://www.jooq.org/xsd/jooq-codegen-3.19.8.xsd":kotlinNotNullInterfaceAttributes, "http://www.jooq.org/xsd/jooq-codegen-3.19.8.xsd":kotlinDefaultedNullablePojoAttributes, "http://www.jooq.org/xsd/jooq-codegen-3.19.8.xsd":kotlinDefaultedNullableRecordAttributes, "http://www.jooq.org/xsd/jooq-codegen-3.19.8.xsd":globalObjectNames, "http://www.jooq.org/xsd/jooq-codegen-3.19.8.xsd":globalObjectReferences, "http://www.jooq.org/xsd/jooq-codegen-3.19.8.xsd":globalCatalogReferences, "http://www.jooq.org/xsd/jooq-codegen-3.19.8.xsd":globalSchemaReferences, "http://www.jooq.org/xsd/jooq-codegen-3.19.8.xsd":globalDomainReferences, "http://www.jooq.org/xsd/jooq-codegen-3.19.8.xsd":globalTriggerReferences, "http://www.jooq.org/xsd/jooq-codegen-3.19.8.xsd":globalTableReferences, "http://www.jooq.org/xsd/jooq-codegen-3.19.8.xsd":globalSequenceReferences, "http://www.jooq.org/xsd/jooq-codegen-3.19.8.xsd":globalUDTReferences, "http://www.jooq.org/xsd/jooq-codegen-3.19.8.xsd":globalRoutineReferences, "http://www.jooq.org/xsd/jooq-codegen-3.19.8.xsd":globalQueueReferences, "http://www.jooq.org/xsd/jooq-codegen-3.19.8.xsd":globalLinkReferences, "http://www.jooq.org/xsd/jooq-codegen-3.19.8.xsd":globalKeyReferences, "http://www.jooq.org/xsd/jooq-codegen-3.19.8.xsd":globalIndexReferences, "http://www.jooq.org/xsd/jooq-codegen-3.19.8.xsd":defaultCatalog, "http://www.jooq.org/xsd/jooq-codegen-3.19.8.xsd":defaultSchema, "http://www.jooq.org/xsd/jooq-codegen-3.19.8.xsd":javadoc, "http://www.jooq.org/xsd/jooq-codegen-3.19.8.xsd":comments, "http://www.jooq.org/xsd/jooq-codegen-3.19.8.xsd":commentsOnCatalogs, "http://www.jooq.org/xsd/jooq-codegen-3.19.8.xsd":commentsOnSchemas, "http://www.jooq.org/xsd/jooq-codegen-3.19.8.xsd":commentsOnTables, "http://www.jooq.org/xsd/jooq-codegen-3.19.8.xsd":commentsOnColumns, "http://www.jooq.org/xsd/jooq-codegen-3.19.8.xsd":commentsOnEmbeddables, "http://www.jooq.org/xsd/jooq-codegen-3.19.8.xsd":commentsOnUDTs, "http://www.jooq.org/xsd/jooq-codegen-3.19.8.xsd":commentsOnAttributes, "http://www.jooq.org/xsd/jooq-codegen-3.19.8.xsd":commentsOnPackages, "http://www.jooq.org/xsd/jooq-codegen-3.19.8.xsd":commentsOnRoutines, "http://www.jooq.org/xsd/jooq-codegen-3.19.8.xsd":commentsOnParameters, "http://www.jooq.org/xsd/jooq-codegen-3.19.8.xsd":commentsOnSequences, "http://www.jooq.org/xsd/jooq-codegen-3.19.8.xsd":commentsOnLinks, "http://www.jooq.org/xsd/jooq-codegen-3.19.8.xsd":commentsOnQueues, "http://www.jooq.org/xsd/jooq-codegen-3.19.8.xsd":commentsOnKeys, "http://www.jooq.org/xsd/jooq-codegen-3.19.8.xsd":sources, "http://www.jooq.org/xsd/jooq-codegen-3.19.8.xsd":sourcesOnViews, "http://www.jooq.org/xsd/jooq-codegen-3.19.8.xsd":fluentSetters, "http://www.jooq.org/xsd/jooq-codegen-3.19.8.xsd":javaBeansGettersAndSetters, "http://www.jooq.org/xsd/jooq-codegen-3.19.8.xsd":varargSetters, "http://www.jooq.org/xsd/jooq-codegen-3.19.8.xsd":generatedSerialVersionUID, "http://www.jooq.org/xsd/jooq-codegen-3.19.8.xsd":maxMembersPerInitialiser, "http://www.jooq.org/xsd/jooq-codegen-3.19.8.xsd":fullyQualifiedTypes, "http://www.jooq.org/xsd/jooq-codegen-3.19.8.xsd":emptyCatalogs, "http://www.jooq.org/xsd/jooq-codegen-3.19.8.xsd":emptySchemas, "http://www.jooq.org/xsd/jooq-codegen-3.19.8.xsd":javaTimeTypes, "http://www.jooq.org/xsd/jooq-codegen-3.19.8.xsd":spatialTypes, "http://www.jooq.org/xsd/jooq-codegen-3.19.8.xsd":xmlTypes, "http://www.jooq.org/xsd/jooq-codegen-3.19.8.xsd":jsonTypes, "http://www.jooq.org/xsd/jooq-codegen-3.19.8.xsd":intervalTypes, "http://www.jooq.org/xsd/jooq-codegen-3.19.8.xsd":newline, "http://www.jooq.org/xsd/jooq-codegen-3.19.8.xsd":indentation, "http://www.jooq.org/xsd/jooq-codegen-3.19.8.xsd":printMarginForBlockComment, "http://www.jooq.org/xsd/jooq-codegen-3.19.8.xsd":textBlocks, "http://www.jooq.org/xsd/jooq-codegen-3.19.8.xsd":whereMethodOverrides, "http://www.jooq.org/xsd/jooq-codegen-3.19.8.xsd":renameMethodOverrides, "http://www.jooq.org/xsd/jooq-codegen-3.19.8.xsd":asMethodOverrides}' is expected.

> Task :test-execution-listeners:compileJava
> Task :test-execution-listeners:classes
> Task :test-execution-listeners:jar
> Task :test-rest-assured:processResources
> Task :test-rest-assured:compileJava
> Task :test-rest-assured:classes
> Task :modulith:compileJava
> Task :modulith:classes
> Task :test-rest-assured:jar
> Task :test-slice-tests-rest:processResources
> Task :modulith:jar
> Task :web-rest-client:processResources
> Task :web-rest-client:compileJava
> Task :web-rest-client:classes
> Task :web-rest-client:jar
> Task :web-thymeleaf-xss:processResources
> Task :processResources NO-SOURCE
> Task :processTestResources NO-SOURCE
> Task :batch-rest-repository:resolveMainClassName

> Task :jooq:generateJooq
09:42:33 INFO Initialising properties  : /app/jooq/build/tmp/generateJooq/config.xml

> Task :test-slice-tests-rest:compileJava
> Task :test-slice-tests-rest:classes
> Task :test-slice-tests-rest:jar
> Task :web-thymeleaf-xss:compileJava
> Task :web-thymeleaf-xss:classes
> Task :web-thymeleaf-xss:jar
> Task :batch-rest-repository:processTestResources NO-SOURCE
> Task :batch-skip-step:resolveMainClassName
> Task :batch-rest-repository:bootJar
> Task :batch-skip-step:bootJar
> Task :batch-skip-step:processTestResources NO-SOURCE
> Task :cloud-jdbc-env-repo:resolveMainClassName

> Task :jooq:generateJooq
09:42:35 INFO

@@@@@@@@@@@@@@@@@@@@@@@@@@@@@@@@@@@@@@
@@@@@@@@@@@@@@@@@@@@@@@@@@@@@@@@@@@@@@
@@@@@@@@@@@@@@@@  @@        @@@@@@@@@@
@@@@@@@@@@@@@@@@@@@@        @@@@@@@@@@
@@@@@@@@@@@@@@@@  @@  @@    @@@@@@@@@@
@@@@@@@@@@  @@@@  @@  @@    @@@@@@@@@@
@@@@@@@@@@        @@        @@@@@@@@@@
@@@@@@@@@@@@@@@@@@@@@@@@@@@@@@@@@@@@@@
@@@@@@@@@@@@@@@@@@@@@@@@@@@@@@@@@@@@@@
@@@@@@@@@@        @@        @@@@@@@@@@
@@@@@@@@@@    @@  @@  @@@@  @@@@@@@@@@
@@@@@@@@@@    @@  @@  @@@@  @@@@@@@@@@
@@@@@@@@@@        @@  @  @  @@@@@@@@@@
@@@@@@@@@@        @@        @@@@@@@@@@
@@@@@@@@@@@@@@@@@@@@@@@  @@@@@@@@@@@@@
@@@@@@@@@@@@@@@@@@@@@@@@@@@@@@@@@@@@@@
@@@@@@@@@@@@@@@@@@@@@@@@@@@@@@@@@@@@@@  Thank you for using jOOQ 3.19.24 (Build date: 2025-06-11T09:19:24Z)

09:42:35 INFO

jOOQ tip of the day: You can generate jOOQ code in a single package with package private visibility if this helps. Here's how: https://blog.jooq.org/how-to-generate-package-private-code-with-jooqs-code-generator/

09:42:35 INFO No <inputCatalog/> was provided. Generating ALL available catalogs instead.
09:42:35 INFO No <inputSchema/> was provided. Generating ALL available schemata instead.
09:42:36 INFO Reading from: src/main/resources/mysql-schema.sql [*]
09:42:36 INFO create table if not exists USERS (
  "id" int not null generated by default as identity,
  "name" clob not null,
  "username" varchar(60) not null,
  primary key ("id"),
  unique ("username")
)
09:42:36 INFO Version                  : Database version is supported by dialect H2: 2.3.232 (2024-08-11)
09:42:36 INFO Update count: 0
09:42:36 INFO License parameters
09:42:36 INFO ----------------------------------------------------------
09:42:36 INFO   Thank you for using jOOQ and jOOQ's code generator
09:42:36 INFO
09:42:36 INFO Database parameters
09:42:36 INFO ----------------------------------------------------------
09:42:36 INFO   dialect                : H2
09:42:36 INFO   URL                    :
09:42:36 INFO   target dir             : /app/jooq/build/generated-src/jooq/main
09:42:36 INFO   target package         : zin.rashidi.boot.jooq
09:42:36 INFO   includes               : []
09:42:36 INFO   excludes               : []
09:42:36 INFO   includeExcludeColumns  : false
09:42:36 INFO ----------------------------------------------------------
09:42:36 INFO
09:42:36 INFO JavaGenerator parameters
09:42:36 INFO ----------------------------------------------------------
09:42:36 INFO annotations
09:42:36 INFO   generated              : false
09:42:36 INFO   JPA                    : false
09:42:36 INFO   JPA version            :
09:42:36 INFO   validation             : false
09:42:36 INFO   spring                 : false
09:42:36 INFO comments
09:42:36 INFO   comments               : true
09:42:36 INFO   on attributes          : true
09:42:36 INFO   on catalogs            : true
09:42:36 INFO   on columns             : true
09:42:36 INFO   on embeddables         : true
09:42:36 INFO   on keys                : true
09:42:36 INFO   on links               : true
09:42:36 INFO   on packages            : true
09:42:36 INFO   on parameters          : true
09:42:36 INFO   on queues              : true
09:42:36 INFO   on routines            : true
09:42:36 INFO   on schemas             : true
09:42:36 INFO   on sequences           : true
09:42:36 INFO   on tables              : true
09:42:36 INFO   on udts                : true
09:42:36 INFO sources
09:42:36 INFO   sources                : true
09:42:36 INFO   sources on views       : true
09:42:36 INFO global references
09:42:36 INFO   global references      : true
09:42:36 INFO   catalogs               : true
09:42:36 INFO   domains                : true
09:42:36 INFO   indexes                : true
09:42:36 INFO   keys                   : true
09:42:36 INFO   links                  : true
09:42:36 INFO   queues                 : true
09:42:36 INFO   routines               : true
09:42:36 INFO   schemas                : true
09:42:36 INFO   sequences              : true
09:42:36 INFO   tables                 : true
09:42:36 INFO   udts                   : true
09:42:36 INFO object types
09:42:36 INFO   daos                   : false
09:42:36 INFO   indexes                : true
09:42:36 INFO   instance fields        : true
09:42:36 INFO   interfaces             : false
09:42:36 INFO   interfaces (immutable) : false
09:42:36 INFO   javadoc                : true
09:42:36 INFO   keys                   : true
09:42:36 INFO   links                  : true
09:42:36 INFO   pojos                  : false
09:42:36 INFO   pojos (immutable)      : false
09:42:36 INFO   queues                 : true
09:42:36 INFO   records                : true
09:42:36 INFO   routines               : true
09:42:36 INFO   sequences              : true
09:42:36 INFO   sequenceFlags          : true
09:42:36 INFO   table-valued functions : true
09:42:36 INFO   tables                 : true
09:42:36 INFO   udts                   : true
09:42:36 INFO   relations              : true
09:42:36 INFO other
09:42:36 INFO   deprecated code        : true
09:42:36 INFO ----------------------------------------------------------
09:42:36 INFO
09:42:36 INFO Generation remarks
09:42:36 INFO ----------------------------------------------------------
09:42:36 INFO
09:42:36 INFO ----------------------------------------------------------
09:42:36 INFO Generating catalogs      : Total: 1
09:42:37 INFO ARRAYs fetched           : 0 (0 included, 0 excluded)
09:42:37 INFO Domains fetched          : 0 (0 included, 0 excluded)
09:42:37 INFO Tables fetched           : 1 (1 included, 0 excluded)
09:42:37 INFO Embeddables fetched      : 0 (0 included, 0 excluded)
09:42:37 INFO Enums fetched            : 0 (0 included, 0 excluded)
09:42:37 INFO Packages fetched         : 0 (0 included, 0 excluded)
09:42:38 INFO Routines fetched         : 0 (0 included, 0 excluded)
09:42:38 INFO Sequences fetched        : 0 (0 included, 0 excluded)
09:42:38 INFO No schema version is applied for catalog . Regenerating.
09:42:38 INFO
09:42:38 INFO Generating catalog       : DefaultCatalog.java
09:42:38 INFO ==========================================================
09:42:38 INFO Comments fetched         : 0 (0 included, 0 excluded)
09:42:38 INFO Generating schemata      : Total: 1
09:42:38 INFO No schema version is applied for schema PUBLIC. Regenerating.
09:42:38 INFO Generating schema        : DefaultSchema.java
09:42:38 INFO ----------------------------------------------------------
09:42:38 INFO UDTs fetched             : 0 (0 included, 0 excluded)
09:42:38 INFO Generating tables
09:42:38 INFO Generating table         : Users.java [input=USERS, pk=CONSTRAINT_4]
09:42:38 INFO Indexes fetched          : 0 (0 included, 0 excluded)
09:42:39 INFO Tables generated         : Total: 3.804s
09:42:39 INFO Generating table records
09:42:39 INFO Generating record        : UsersRecord.java
09:42:39 INFO Table records generated  : Total: 3.962s, +157.212ms
09:42:39 INFO Generating table references
09:42:39 INFO Table refs generated     : Total: 3.969s, +7.403ms
09:42:39 INFO Generating Keys
09:42:39 INFO Keys generated           : Total: 3.977s, +8.098ms
09:42:39 INFO Generating Indexes
09:42:39 INFO Skipping empty indexes
09:42:39 INFO Generation finished: PUBLIC: Total: 3.978s, +0.995ms
09:42:39 INFO
09:42:39 INFO Affected files: 6
09:42:39 INFO Modified files: 6
09:42:39 INFO Removing excess files

> Task :cloud-jdbc-env-repo:bootJar
> Task :jooq:compileJava
> Task :jooq:classes
> Task :jooq:jar
> Task :compileJava NO-SOURCE
> Task :classes UP-TO-DATE
> Task :jar
> Task :assemble
> Task :compileTestJava NO-SOURCE
> Task :testClasses UP-TO-DATE
> Task :test NO-SOURCE
> Task :cloud-jdbc-env-repo:processTestResources
> Task :data-domain-events:resolveMainClassName
> Task :data-domain-events:bootJar
> Task :batch-skip-step:compileTestJava
> Task :cloud-jdbc-env-repo:compileTestJava
> Task :batch-rest-repository:compileTestJava
> Task :batch-rest-repository:testClasses
> Task :batch-skip-step:testClasses
> Task :cloud-jdbc-env-repo:testClasses
> Task :data-domain-events:compileTestJava
> Task :data-domain-events:processTestResources NO-SOURCE
> Task :data-domain-events:testClasses

> Task :batch-skip-step:test

UserBatchJobTests > initializationError FAILED
    java.lang.IllegalStateException at DockerClientProviderStrategy.java:274

1 test completed, 1 failed

> Task :batch-skip-step:test FAILED

> Task :batch-rest-repository:test

UserBatchJobTests > initializationError FAILED
    java.lang.IllegalStateException at DockerClientProviderStrategy.java:274

1 test completed, 1 failed

> Task :batch-rest-repository:test FAILED

> Task :cloud-jdbc-env-repo:test

CloudJdbcEnvRepoApplicationTests > initializationError FAILED
    java.lang.IllegalStateException at DockerClientProviderStrategy.java:274

1 test completed, 1 failed

> Task :cloud-jdbc-env-repo:test FAILED
> Task :batch-skip-step:jacocoTestReport
> Task :cloud-jdbc-env-repo:jacocoTestReport
> Task :batch-rest-repository:jacocoTestReport

> Task :data-domain-events:test

BookPurchaseTests > Given total book availability is 100 When a book is purchased Then total book availability should be 99 FAILED
    java.lang.IllegalStateException at DefaultCacheAwareContextLoaderDelegate.java:180
        Caused by: org.springframework.beans.factory.BeanCreationException at AbstractBeanFactory.java:328
            Caused by: org.springframework.beans.factory.UnsatisfiedDependencyException at ConstructorResolver.java:804
                Caused by: org.springframework.beans.factory.UnsatisfiedDependencyException at ConstructorResolver.java:804
                    Caused by: org.springframework.beans.factory.BeanCreationException at AbstractAutowireCapableBeanFactory.java:1826
                        Caused by: org.springframework.beans.factory.BeanCreationException at AbstractAutowireCapableBeanFactory.java:614
                            Caused by: java.lang.IllegalStateException at DockerClientProviderStrategy.java:274

1 test completed, 1 failed

> Task :data-domain-events:test FAILED
> Task :data-domain-events:jacocoTestReport

[Incubating] Problems report is available at: file:///app/build/reports/problems/problems-report.html

FAILURE: Build completed with 4 failures.

1: Task failed with an exception.
-----------
* What went wrong:
Execution failed for task ':batch-skip-step:test'.
> There were failing tests. See the report at: file:///app/batch-skip-step/build/reports/tests/test/index.html

* Try:
> Run with --scan to generate a Build Scan (Powered by Develocity).
==============================================================================

2: Task failed with an exception.
-----------
* What went wrong:
Execution failed for task ':batch-rest-repository:test'.
> There were failing tests. See the report at: file:///app/batch-rest-repository/build/reports/tests/test/index.html

* Try:
> Run with --scan to generate a Build Scan (Powered by Develocity).
==============================================================================

3: Task failed with an exception.
-----------
* What went wrong:
Execution failed for task ':cloud-jdbc-env-repo:test'.
> There were failing tests. See the report at: file:///app/cloud-jdbc-env-repo/build/reports/tests/test/index.html

* Try:
> Run with --scan to generate a Build Scan (Powered by Develocity).
==============================================================================

4: Task failed with an exception.
-----------
* What went wrong:
Execution failed for task ':data-domain-events:test'.
> There were failing tests. See the report at: file:///app/data-domain-events/build/reports/tests/test/index.html

* Try:
> Run with --scan to generate a Build Scan (Powered by Develocity).
==============================================================================

BUILD FAILED in 4m 43s
104 actionable tasks: 104 executed
Configuration cache entry stored.
