Calculating task graph as configuration cache cannot be reused because file 'jooq/build.gradle.kts' has changed.
> Task :batch-skip-step:processResources UP-TO-DATE
> Task :batch-rest-repository:processResources UP-TO-DATE
> Task :cloud-jdbc-env-repo:processResources UP-TO-DATE
> Task :batch-rest-repository:compileJava UP-TO-DATE
> Task :batch-rest-repository:classes UP-TO-DATE
> Task :batch-rest-repository:jar UP-TO-DATE
> Task :cloud-jdbc-env-repo:compileJava UP-TO-DATE
> Task :cloud-jdbc-env-repo:classes UP-TO-DATE
> Task :data-domain-events:processResources UP-TO-DATE
> Task :batch-skip-step:compileJava UP-TO-DATE
> Task :batch-skip-step:classes UP-TO-DATE
> Task :data-domain-events:compileJava UP-TO-DATE
> Task :data-domain-events:classes UP-TO-DATE
> Task :batch-skip-step:jar UP-TO-DATE
> Task :data-domain-events:jar UP-TO-DATE
> Task :cloud-jdbc-env-repo:jar UP-TO-DATE
> Task :data-jdbc-audit:processResources UP-TO-DATE
> Task :data-envers-audit:processResources UP-TO-DATE
> Task :data-jdbc-schema-generation:processResources UP-TO-DATE
> Task :data-jdbc-audit:compileJava UP-TO-DATE
> Task :data-jdbc-audit:classes UP-TO-DATE
> Task :data-envers-audit:compileJava UP-TO-DATE
> Task :data-jdbc-audit:jar UP-TO-DATE
> Task :data-jpa-audit:compileJava UP-TO-DATE
> Task :data-envers-audit:classes UP-TO-DATE
> Task :data-jdbc-schema-generation:compileJava UP-TO-DATE
> Task :data-jdbc-schema-generation:classes UP-TO-DATE
> Task :data-envers-audit:jar UP-TO-DATE
> Task :data-jdbc-schema-generation:jar UP-TO-DATE
> Task :data-jpa-event:processResources UP-TO-DATE
> Task :data-jpa-audit:processResources UP-TO-DATE
> Task :data-jpa-audit:classes UP-TO-DATE
> Task :data-jpa-event:compileJava UP-TO-DATE
> Task :data-jpa-event:classes UP-TO-DATE
> Task :data-jpa-filtered-query:processResources UP-TO-DATE
> Task :data-jpa-audit:jar UP-TO-DATE
> Task :data-jpa-filtered-query:compileJava UP-TO-DATE
> Task :data-jpa-event:jar UP-TO-DATE
> Task :data-jpa-filtered-query:classes UP-TO-DATE
> Task :data-jpa-hibernate-cache:processResources UP-TO-DATE
> Task :data-mongodb-audit:processResources UP-TO-DATE
> Task :data-mongodb-audit:compileJava UP-TO-DATE
> Task :data-mongodb-audit:classes UP-TO-DATE
> Task :data-jpa-hibernate-cache:compileJava UP-TO-DATE
> Task :data-jpa-hibernate-cache:classes UP-TO-DATE
> Task :data-mongodb-audit:jar UP-TO-DATE
> Task :data-mongodb-full-text-search:processResources UP-TO-DATE
> Task :data-mongodb-full-text-search:compileJava UP-TO-DATE
> Task :data-mongodb-full-text-search:classes UP-TO-DATE
> Task :data-jpa-hibernate-cache:jar UP-TO-DATE
> Task :data-mongodb-full-text-search:jar UP-TO-DATE
> Task :data-mongodb-tc-data-load:processResources UP-TO-DATE
> Task :data-mongodb-transactional:processResources UP-TO-DATE
> Task :data-redis-cache:compileJava UP-TO-DATE
> Task :data-mongodb-transactional:compileJava UP-TO-DATE
> Task :data-mongodb-transactional:classes UP-TO-DATE
> Task :data-jpa-filtered-query:jar
> Task :data-mongodb-tc-data-load:compileJava UP-TO-DATE
> Task :data-mongodb-tc-data-load:classes UP-TO-DATE
> Task :data-redis-cache:processResources UP-TO-DATE
> Task :data-redis-cache:classes UP-TO-DATE
> Task :data-redis-cache:jar UP-TO-DATE
> Task :data-repository-definition:processResources UP-TO-DATE
> Task :data-mongodb-transactional:jar UP-TO-DATE
> Task :data-mongodb-tc-data-load:jar UP-TO-DATE
> Task :data-repository-definition:compileJava UP-TO-DATE
> Task :data-repository-definition:classes UP-TO-DATE
> Task :data-rest-composite-id:processResources UP-TO-DATE
> Task :data-rest-validation:processResources UP-TO-DATE
> Task :data-repository-definition:jar UP-TO-DATE
> Task :graphql:processResources UP-TO-DATE
> Task :data-rest-validation:compileJava UP-TO-DATE
> Task :data-rest-validation:classes UP-TO-DATE
> Task :data-rest-validation:jar UP-TO-DATE
> Task :data-rest-composite-id:compileJava UP-TO-DATE
> Task :graphql:compileJava UP-TO-DATE
> Task :graphql:classes UP-TO-DATE
> Task :data-rest-composite-id:classes UP-TO-DATE
> Task :graphql:jar UP-TO-DATE
> Task :jooq:processResources UP-TO-DATE
> Task :data-rest-composite-id:jar UP-TO-DATE
> Task :modulith:processResources UP-TO-DATE
> Task :test-execution-listeners:processResources UP-TO-DATE
> Task :test-execution-listeners:compileJava UP-TO-DATE
> Task :modulith:compileJava UP-TO-DATE
> Task :test-rest-assured:compileJava UP-TO-DATE
> Task :test-rest-assured:processResources UP-TO-DATE
> Task :test-rest-assured:classes UP-TO-DATE
> Task :modulith:classes UP-TO-DATE
> Task :test-rest-assured:jar UP-TO-DATE
> Task :test-execution-listeners:classes UP-TO-DATE
> Task :modulith:jar UP-TO-DATE
> Task :test-execution-listeners:jar UP-TO-DATE
> Task :test-slice-tests-rest:processResources UP-TO-DATE
> Task :web-rest-client:compileJava UP-TO-DATE
> Task :web-rest-client:processResources UP-TO-DATE
> Task :web-rest-client:classes UP-TO-DATE
> Task :test-slice-tests-rest:compileJava UP-TO-DATE
> Task :test-slice-tests-rest:classes UP-TO-DATE
> Task :web-rest-client:jar UP-TO-DATE
> Task :web-thymeleaf-xss:processResources UP-TO-DATE
> Task :processResources NO-SOURCE
> Task :test-slice-tests-rest:jar UP-TO-DATE
> Task :web-thymeleaf-xss:compileJava UP-TO-DATE
> Task :web-thymeleaf-xss:classes UP-TO-DATE
> Task :processTestResources NO-SOURCE
> Task :batch-rest-repository:resolveMainClassName UP-TO-DATE
> Task :web-thymeleaf-xss:jar UP-TO-DATE
> Task :batch-rest-repository:processTestResources NO-SOURCE
> Task :batch-rest-repository:compileTestJava UP-TO-DATE
> Task :batch-skip-step:resolveMainClassName UP-TO-DATE
> Task :batch-rest-repository:testClasses UP-TO-DATE
> Task :jooq:compileJava UP-TO-DATE
> Task :jooq:classes UP-TO-DATE
> Task :jooq:jar UP-TO-DATE
> Task :compileJava NO-SOURCE
> Task :classes UP-TO-DATE
> Task :jar UP-TO-DATE
> Task :assemble UP-TO-DATE
> Task :compileTestJava NO-SOURCE
> Task :testClasses UP-TO-DATE
> Task :test NO-SOURCE
> Task :batch-skip-step:compileTestJava UP-TO-DATE
> Task :batch-skip-step:bootJar UP-TO-DATE
> Task :batch-skip-step:processTestResources NO-SOURCE
> Task :batch-skip-step:testClasses UP-TO-DATE
> Task :cloud-jdbc-env-repo:resolveMainClassName UP-TO-DATE
> Task :batch-rest-repository:bootJar UP-TO-DATE
> Task :cloud-jdbc-env-repo:bootJar UP-TO-DATE
> Task :cloud-jdbc-env-repo:processTestResources UP-TO-DATE
> Task :data-domain-events:resolveMainClassName UP-TO-DATE
> Task :data-domain-events:bootJar UP-TO-DATE
> Task :data-domain-events:compileTestJava UP-TO-DATE
> Task :data-domain-events:processTestResources NO-SOURCE
> Task :data-domain-events:testClasses UP-TO-DATE
> Task :cloud-jdbc-env-repo:compileTestJava
> Task :cloud-jdbc-env-repo:testClasses

> Task :batch-skip-step:test

UserBatchJobTests > initializationError FAILED
    java.lang.IllegalStateException at DockerClientProviderStrategy.java:274

1 test completed, 1 failed

> Task :batch-rest-repository:test FAILED

UserBatchJobTests > initializationError FAILED
    java.lang.IllegalStateException at DockerClientProviderStrategy.java:274

1 test completed, 1 failed

> Task :batch-skip-step:test FAILED

> Task :cloud-jdbc-env-repo:test

CloudJdbcEnvRepoApplicationTests > initializationError FAILED
    java.lang.IllegalStateException at DockerClientProviderStrategy.java:274

> Task :batch-skip-step:jacocoTestReport
> Task :batch-rest-repository:jacocoTestReport

> Task :cloud-jdbc-env-repo:test FAILED

1 test completed, 1 failed

> Task :cloud-jdbc-env-repo:jacocoTestReport

> Task :data-domain-events:test

BookPurchaseTests > Given total book availability is 100 When a book is purchased Then total book availability should be 99 FAILED
    java.lang.IllegalStateException at DefaultCacheAwareContextLoaderDelegate.java:180
        Caused by: org.springframework.beans.factory.BeanCreationException at AbstractBeanFactory.java:328
            Caused by: org.springframework.beans.factory.UnsatisfiedDependencyException at ConstructorResolver.java:804
                Caused by: org.springframework.beans.factory.UnsatisfiedDependencyException at ConstructorResolver.java:804
                    Caused by: org.springframework.beans.factory.BeanCreationException at AbstractAutowireCapableBeanFactory.java:1826
                        Caused by: org.springframework.beans.factory.BeanCreationException at AbstractAutowireCapableBeanFactory.java:614
                            Caused by: java.lang.IllegalStateException at DockerClientProviderStrategy.java:274

1 test completed, 1 failed

> Task :data-domain-events:test FAILED
> Task :data-domain-events:jacocoTestReport

FAILURE: Build completed with 4 failures.

1: Task failed with an exception.
-----------
* What went wrong:
Execution failed for task ':batch-rest-repository:test'.
> There were failing tests. See the report at: file:///app/batch-rest-repository/build/reports/tests/test/index.html

* Try:
> Run with --scan to generate a Build Scan (Powered by Develocity).
==============================================================================

2: Task failed with an exception.
-----------
* What went wrong:
Execution failed for task ':batch-skip-step:test'.
> There were failing tests. See the report at: file:///app/batch-skip-step/build/reports/tests/test/index.html

* Try:
> Run with --scan to generate a Build Scan (Powered by Develocity).
==============================================================================

3: Task failed with an exception.
-----------
* What went wrong:
Execution failed for task ':cloud-jdbc-env-repo:test'.
> There were failing tests. See the report at: file:///app/cloud-jdbc-env-repo/build/reports/tests/test/index.html

* Try:
> Run with --scan to generate a Build Scan (Powered by Develocity).
==============================================================================

4: Task failed with an exception.
-----------
* What went wrong:
Execution failed for task ':data-domain-events:test'.
> There were failing tests. See the report at: file:///app/data-domain-events/build/reports/tests/test/index.html

* Try:
> Run with --scan to generate a Build Scan (Powered by Develocity).
==============================================================================

BUILD FAILED in 37s
103 actionable tasks: 10 executed, 93 up-to-date
Configuration cache entry stored.
