Calculating task graph as no cached configuration is available for tasks: :jooq:tasks

> Task :jooq:tasks

------------------------------------------------------------
Tasks runnable from project ':jooq'
------------------------------------------------------------

Application tasks
-----------------
bootRun - Runs this project as a Spring Boot application.
bootTestRun - Runs this project as a Spring Boot application using the test runtime classpath.

Build tasks
-----------
assemble - Assembles the outputs of this project.
bootBuildImage - Builds an OCI image of the application using the output of the bootJar task
bootJar - Assembles an executable jar archive containing the main classes and their dependencies.
build - Assembles and tests this project.
buildDependents - Assembles and tests this project and all projects that depend on it.
buildNeeded - Assembles and tests this project and all projects it depends on.
classes - Assembles main classes.
clean - Deletes the build directory.
jar - Assembles a jar archive containing the classes of the 'main' feature.
resolveMainClassName - Resolves the name of the application's main class.
resolveTestMainClassName - Resolves the name of the application's test main class.
testClasses - Assembles test classes.

Documentation tasks
-------------------
javadoc - Generates Javadoc API documentation for the 'main' feature.

Help tasks
----------
artifactTransforms - Displays the Artifact Transforms that can be executed in project ':jooq'.
buildEnvironment - Displays all buildscript dependencies declared in project ':jooq'.
dependencies - Displays all dependencies declared in project ':jooq'.
dependencyInsight - Displays the insight into a specific dependency in project ':jooq'.
dependencyManagement - Displays the dependency management declared in project ':jooq'.
help - Displays a help message.
javaToolchains - Displays the detected java toolchains.
kotlinDslAccessorsReport - Prints the Kotlin code for accessing the currently available project extensions.
outgoingVariants - Displays the outgoing variants of project ':jooq'.
projects - Displays the sub-projects of project ':jooq'.
properties - Displays the properties of project ':jooq'.
resolvableConfigurations - Displays the configurations that can be resolved in project ':jooq'.
tasks - Displays the tasks runnable from project ':jooq'.

JOOQ tasks
----------
jooqCodegen - jOOQ code generation for all executions

Verification tasks
------------------
check - Runs all checks.
jacocoTestCoverageVerification - Verifies code coverage metrics based on specified rules for the test task.
jacocoTestReport - Generates code coverage report for the test task.
test - Runs the test suite.

Rules
-----
Pattern: clean<TaskName>: Cleans the output files of a task.
Pattern: build<ConfigurationName>: Assembles the artifacts of a configuration.

To see all tasks and more detail, run gradlew tasks --all

To see more detail about a task, run gradlew help --task <task>

BUILD SUCCESSFUL in 2s
1 actionable task: 1 executed
Configuration cache entry stored.
